<?xml version="1.0" encoding="utf-8"?><testsuites name="pytest tests"><testsuite name="pytest" errors="0" failures="4" skipped="0" tests="62" time="4.635" timestamp="2026-04-05T04:06:38.790414-04:00" hostname="wabashcs-NZXT"><properties><property name="hypothesis-statistics-tests/stress/test_cka_stress.py::TestCKAStress::test_cka_property_symmetry" value="dGVzdHMvc3RyZXNzL3Rlc3RfY2thX3N0cmVzcy5weTo6VGVzdENLQVN0cmVzczo6dGVzdF9ja2FfcHJvcGVydHlfc3ltbWV0cnk6CgogIC0gZHVyaW5nIGdlbmVyYXRlIHBoYXNlICgwLjA2IHNlY29uZHMpOgogICAgLSBUeXBpY2FsIHJ1bnRpbWVzOiB+IDAtMSBtcywgb2Ygd2hpY2ggPCAxbXMgaW4gZGF0YSBnZW5lcmF0aW9uCiAgICAtIDUwIHBhc3NpbmcgZXhhbXBsZXMsIDAgZmFpbGluZyBleGFtcGxlcywgMyBpbnZhbGlkIGV4YW1wbGVzCgogIC0gU3RvcHBlZCBiZWNhdXNlIHNldHRpbmdzLm1heF9leGFtcGxlcz01MA==" /></properties><testcase classname="tests.stress.test_cka_stress.TestCKAStress" name="test_cka_001_identical_matrices" time="0.001" /><testcase classname="tests.stress.test_cka_stress.TestCKAStress" name="test_cka_002_rank_deficient" time="0.000" /><testcase classname="tests.stress.test_cka_stress.TestCKAStress" name="test_cka_003_orthogonal_invariance" time="0.001" /><testcase classname="tests.stress.test_cka_stress.TestCKAStress" name="test_cka_004_very_different_matrices" time="0.001" /><testcase classname="tests.stress.test_cka_stress.TestCKAStress" name="test_cka_005_zero_matrix" time="0.000" /><testcase classname="tests.stress.test_cka_stress.TestCKAStress" name="test_cka_006_single_sample" time="0.000" /><testcase classname="tests.stress.test_cka_stress.TestCKAStress" name="test_cka_007_high_condition_number" time="0.000" /><testcase classname="tests.stress.test_cka_stress.TestCKAStress" name="test_cka_property_symmetry" time="0.059" /><testcase classname="tests.stress.test_cka_stress.TestCKAStress" name="test_cka_008_large_dimensions" time="0.058" /><testcase classname="tests.stress.test_cka_stress.TestCKAStress" name="test_cka_009_partial_overlap" time="0.001" /><testcase classname="tests.stress.test_cka_stress.TestCKAStress" name="test_cka_010_different_sample_counts_raises" time="0.000" /><testcase classname="tests.stress.test_nps_stress.TestNPSStress" name="test_nps_001_self_comparison" time="0.001" /><testcase classname="tests.stress.test_nps_stress.TestNPSStress" name="test_nps_002_k_greater_than_n" time="0.000" /><testcase classname="tests.stress.test_nps_stress.TestNPSStress" name="test_nps_003_identical_rows" time="0.001" /><testcase classname="tests.stress.test_nps_stress.TestNPSStress" name="test_nps_004_random_permutation" time="0.001" /><testcase classname="tests.stress.test_nps_stress.TestNPSStress" name="test_nps_005_monotonic_perturbation" time="0.007" /><testcase classname="tests.stress.test_nps_stress.TestNPSStress" name="test_nps_006_large_n_small_k" time="0.502" /><testcase classname="tests.stress.test_nps_stress.TestNPSStress" name="test_nps_007_per_point_scores_shape" time="0.001" /><testcase classname="tests.stress.test_nps_stress.TestNPSStress" name="test_nps_008_small_k_edge_case" time="0.000" /><testcase classname="tests.stress.test_nps_stress.TestNPSStress" name="test_nps_009_very_high_dimensional" time="0.004" /><testcase classname="tests.stress.test_nps_stress.TestNPSStress" name="test_nps_010_different_dimensions" time="0.001" /><testcase classname="tests.stress.test_isotropy_stress.TestIsotropyStress" name="test_iso_001_spherical_gaussian" time="0.004" /><testcase classname="tests.stress.test_isotropy_stress.TestIsotropyStress" name="test_iso_002_rank_1" time="0.001" /><testcase classname="tests.stress.test_isotropy_stress.TestIsotropyStress" name="test_iso_003_square_matrix" time="0.001" /><testcase classname="tests.stress.test_isotropy_stress.TestIsotropyStress" name="test_iso_004_tall_matrix" time="0.001" /><testcase classname="tests.stress.test_isotropy_stress.TestIsotropyStress" name="test_iso_005_wide_matrix" time="0.002" /><testcase classname="tests.stress.test_isotropy_stress.TestIsotropyStress" name="test_iso_006_delta_same_matrix" time="0.003" /><testcase classname="tests.stress.test_isotropy_stress.TestIsotropyStress" name="test_iso_007_delta_different_isotropy" time="0.002" /><testcase classname="tests.stress.test_isotropy_stress.TestIsotropyStress" name="test_iso_008_effective_dim_full" time="0.001" /><testcase classname="tests.stress.test_isotropy_stress.TestIsotropyStress" name="test_iso_009_effective_dim_rank_deficient" time="0.000" /><testcase classname="tests.stress.test_isotropy_stress.TestIsotropyStress" name="test_iso_010_effective_dim_tall" time="0.000" /><testcase classname="tests.stress.test_data_quality.TestDataQuality" name="test_dqa_001_nan_values" time="0.001"><failure message="Failed: DID NOT RAISE any of (&lt;class 'ValueError'&gt;, &lt;class 'RuntimeError'&gt;)">tests/stress/test_data_quality.py:20: in test_dqa_001_nan_values
    with pytest.raises((ValueError, RuntimeError)):
E   Failed: DID NOT RAISE any of (&lt;class 'ValueError'&gt;, &lt;class 'RuntimeError'&gt;)</failure></testcase><testcase classname="tests.stress.test_data_quality.TestDataQuality" name="test_dqa_002_inf_values" time="0.001"><failure message="Failed: DID NOT RAISE any of (&lt;class 'ValueError'&gt;, &lt;class 'RuntimeError'&gt;)">tests/stress/test_data_quality.py:27: in test_dqa_002_inf_values
    with pytest.raises((ValueError, RuntimeError)):
E   Failed: DID NOT RAISE any of (&lt;class 'ValueError'&gt;, &lt;class 'RuntimeError'&gt;)</failure></testcase><testcase classname="tests.stress.test_data_quality.TestDataQuality" name="test_dqa_003_all_zeros" time="0.000" /><testcase classname="tests.stress.test_data_quality.TestDataQuality" name="test_dqa_004_very_large_values" time="0.000" /><testcase classname="tests.stress.test_data_quality.TestDataQuality" name="test_dqa_005_very_small_values" time="0.001" /><testcase classname="tests.stress.test_data_quality.TestDataQuality" name="test_dqa_006_empty_anchor_set" time="0.000" /><testcase classname="tests.stress.test_data_quality.TestDataQuality" name="test_dqa_007_single_sample_anchor" time="0.000" /><testcase classname="tests.stress.test_data_quality.TestDataQuality" name="test_dqa_008_mixed_precision" time="0.000" /><testcase classname="tests.stress.test_data_quality.TestDataQuality" name="test_dqa_009_negative_zero" time="0.000" /><testcase classname="tests.stress.test_data_quality.TestDataQuality" name="test_dqa_010_subnormal_values" time="0.001" /><testcase classname="tests.stress.test_adversarial.TestAdversarial" name="test_adv_001_rotation_attack" time="0.002" /><testcase classname="tests.stress.test_adversarial.TestAdversarial" name="test_adv_002_scaling_attack" time="0.000" /><testcase classname="tests.stress.test_adversarial.TestAdversarial" name="test_adv_003_permutation_attack" time="0.000" /><testcase classname="tests.stress.test_adversarial.TestAdversarial" name="test_adv_004_gaussian_noise_injection" time="0.001"><failure message="AssertionError: CKA should detect noise, got 1.0&#10;assert 1.0 &lt; 0.95">tests/stress/test_adversarial.py:60: in test_adv_004_gaussian_noise_injection
    assert cka_val &lt; 0.95, f"CKA should detect noise, got {cka_val}"
E   AssertionError: CKA should detect noise, got 1.0
E   assert 1.0 &lt; 0.95</failure></testcase><testcase classname="tests.stress.test_adversarial.TestAdversarial" name="test_adv_005_outlier_injection" time="0.000" /><testcase classname="tests.stress.test_adversarial.TestAdversarial" name="test_adv_006_truncated_snapshot" time="0.001" /><testcase classname="tests.stress.test_adversarial.TestAdversarial" name="test_adv_007_modified_hash" time="0.001"><failure message="Failed: DID NOT RAISE &lt;class 'semantic_sentry.exceptions.SnapshotCorruptionError'&gt;">tests/stress/test_adversarial.py:114: in test_adv_007_modified_hash
    with pytest.raises(SnapshotCorruptionError):
E   Failed: DID NOT RAISE &lt;class 'semantic_sentry.exceptions.SnapshotCorruptionError'&gt;</failure></testcase><testcase classname="tests.stress.test_concurrency.TestConcurrency" name="test_thr_001_concurrent_register" time="0.041" /><testcase classname="tests.stress.test_concurrency.TestConcurrency" name="test_thr_002_concurrent_compute" time="1.129" /><testcase classname="tests.stress.test_concurrency.TestConcurrency" name="test_thr_003_register_during_compute" time="0.646" /><testcase classname="tests.stress.test_concurrency.TestConcurrency" name="test_thr_004_parallel_metric_computation" time="0.155" /><testcase classname="tests.stress.test_transfer_stress.TestTransferStress" name="test_trf_001_r_squared_synthetic" time="0.001" /><testcase classname="tests.stress.test_transfer_stress.TestTransferStress" name="test_trf_nps_bound_identity" time="0.000" /><testcase classname="tests.stress.test_transfer_stress.TestTransferStress" name="test_trf_nps_bound_half" time="0.000" /><testcase classname="tests.stress.test_transfer_stress.TestTransferStress" name="test_trf_predict_before_fit" time="0.001" /><testcase classname="tests.stress.test_transfer_stress.TestTransferStress" name="test_trf_upper_bound" time="0.000" /><testcase classname="tests.stress.test_transfer_stress.TestTransferStress" name="test_trf_confidence_interval" time="0.000" /><testcase classname="tests.stress.test_transfer_stress.TestTransferStress" name="test_trf_fit_insufficient_samples" time="0.000" /><testcase classname="tests.stress.test_transfer_stress.TestTransferStress" name="test_trf_length_mismatch" time="0.000" /><testcase classname="tests.stress.test_transfer_stress.TestTransferStress" name="test_trf_prediction_clamped" time="0.000" /><testcase classname="tests.stress.test_transfer_stress.TestTransferStress" name="test_trf_feature_importance" time="0.001" /></testsuite></testsuites>